TN:
SF:controllers\AdminController.js
FN:4,(anonymous_0)
FN:9,(anonymous_1)
FN:27,(anonymous_2)
FN:44,(anonymous_3)
FN:67,(anonymous_4)
FN:106,(anonymous_5)
FN:149,(anonymous_6)
FN:193,(anonymous_7)
FN:233,(anonymous_8)
FNF:9
FNH:0
FNDA:0,(anonymous_0)
FNDA:0,(anonymous_1)
FNDA:0,(anonymous_2)
FNDA:0,(anonymous_3)
FNDA:0,(anonymous_4)
FNDA:0,(anonymous_5)
FNDA:0,(anonymous_6)
FNDA:0,(anonymous_7)
FNDA:0,(anonymous_8)
DA:1,0
DA:5,0
DA:10,0
DA:11,0
DA:12,0
DA:13,0
DA:17,0
DA:19,0
DA:22,0
DA:28,0
DA:29,0
DA:32,0
DA:33,0
DA:34,0
DA:37,0
DA:39,0
DA:45,0
DA:46,0
DA:49,0
DA:50,0
DA:51,0
DA:56,0
DA:57,0
DA:60,0
DA:62,0
DA:68,0
DA:69,0
DA:72,0
DA:74,0
DA:75,0
DA:78,0
DA:79,0
DA:80,0
DA:81,0
DA:86,0
DA:89,0
DA:94,0
DA:96,0
DA:97,0
DA:99,0
DA:101,0
DA:107,0
DA:108,0
DA:111,0
DA:112,0
DA:114,0
DA:115,0
DA:118,0
DA:119,0
DA:120,0
DA:125,0
DA:126,0
DA:129,0
DA:132,0
DA:137,0
DA:139,0
DA:140,0
DA:142,0
DA:144,0
DA:150,0
DA:151,0
DA:154,0
DA:155,0
DA:157,0
DA:158,0
DA:161,0
DA:162,0
DA:163,0
DA:168,0
DA:169,0
DA:172,0
DA:175,0
DA:176,0
DA:177,0
DA:178,0
DA:179,0
DA:180,0
DA:181,0
DA:184,0
DA:186,0
DA:188,0
DA:194,0
DA:195,0
DA:198,0
DA:201,0
DA:202,0
DA:205,0
DA:206,0
DA:208,0
DA:209,0
DA:210,0
DA:214,0
DA:215,0
DA:218,0
DA:223,0
DA:225,0
DA:226,0
DA:228,0
DA:234,0
DA:235,0
DA:238,0
DA:239,0
DA:240,0
DA:241,0
DA:242,0
DA:243,0
DA:244,0
DA:246,0
DA:254,0
DA:259,0
LF:110
LH:0
BRDA:28,0,0,0
BRDA:28,0,1,0
BRDA:45,1,0,0
BRDA:45,1,1,0
BRDA:56,2,0,0
BRDA:56,2,1,0
BRDA:68,3,0,0
BRDA:68,3,1,0
BRDA:74,4,0,0
BRDA:74,4,1,0
BRDA:74,5,0,0
BRDA:74,5,1,0
BRDA:74,5,2,0
BRDA:83,6,0,0
BRDA:83,6,1,0
BRDA:96,7,0,0
BRDA:96,7,1,0
BRDA:107,8,0,0
BRDA:107,8,1,0
BRDA:114,9,0,0
BRDA:114,9,1,0
BRDA:114,10,0,0
BRDA:114,10,1,0
BRDA:125,11,0,0
BRDA:125,11,1,0
BRDA:139,12,0,0
BRDA:139,12,1,0
BRDA:150,13,0,0
BRDA:150,13,1,0
BRDA:157,14,0,0
BRDA:157,14,1,0
BRDA:157,15,0,0
BRDA:157,15,1,0
BRDA:168,16,0,0
BRDA:168,16,1,0
BRDA:176,17,0,0
BRDA:176,17,1,0
BRDA:178,18,0,0
BRDA:178,18,1,0
BRDA:180,19,0,0
BRDA:180,19,1,0
BRDA:194,20,0,0
BRDA:194,20,1,0
BRDA:201,21,0,0
BRDA:201,21,1,0
BRDA:209,22,0,0
BRDA:209,22,1,0
BRDA:234,23,0,0
BRDA:234,23,1,0
BRF:49
BRH:0
end_of_record
TN:
SF:controllers\AuthController.js
FN:8,(anonymous_0)
FN:15,(anonymous_1)
FN:73,(anonymous_2)
FN:135,(anonymous_3)
FN:217,(anonymous_4)
FN:251,(anonymous_5)
FNF:6
FNH:0
FNDA:0,(anonymous_0)
FNDA:0,(anonymous_1)
FNDA:0,(anonymous_2)
FNDA:0,(anonymous_3)
FNDA:0,(anonymous_4)
FNDA:0,(anonymous_5)
DA:1,0
DA:2,0
DA:3,0
DA:4,0
DA:5,0
DA:9,0
DA:10,0
DA:11,0
DA:12,0
DA:16,0
DA:19,0
DA:21,0
DA:22,0
DA:25,0
DA:26,0
DA:28,0
DA:29,0
DA:30,0
DA:35,0
DA:37,0
DA:43,0
DA:49,0
DA:56,0
DA:63,0
DA:66,0
DA:67,0
DA:69,0
DA:74,0
DA:77,0
DA:79,0
DA:80,0
DA:82,0
DA:83,0
DA:87,0
DA:88,0
DA:91,0
DA:93,0
DA:94,0
DA:97,0
DA:98,0
DA:103,0
DA:109,0
DA:110,0
DA:117,0
DA:124,0
DA:130,0
DA:131,0
DA:136,0
DA:137,0
DA:139,0
DA:140,0
DA:141,0
DA:143,0
DA:144,0
DA:146,0
DA:147,0
DA:148,0
DA:150,0
DA:151,0
DA:152,0
DA:157,0
DA:158,0
DA:159,0
DA:160,0
DA:162,0
DA:168,0
DA:177,0
DA:178,0
DA:179,0
DA:184,0
DA:185,0
DA:190,0
DA:192,0
DA:193,0
DA:200,0
DA:207,0
DA:208,0
DA:209,0
DA:211,0
DA:212,0
DA:213,0
DA:218,0
DA:219,0
DA:221,0
DA:222,0
DA:224,0
DA:225,0
DA:228,0
DA:229,0
DA:231,0
DA:234,0
DA:235,0
DA:237,0
DA:244,0
DA:246,0
DA:247,0
DA:252,0
DA:254,0
DA:255,0
DA:258,0
DA:259,0
DA:261,0
DA:262,0
DA:265,0
DA:266,0
DA:267,0
DA:269,0
DA:276,0
DA:278,0
DA:279,0
DA:284,0
LF:111
LH:0
BRDA:12,0,0,0
BRDA:12,0,1,0
BRDA:16,1,0,0
BRDA:16,1,1,0
BRDA:21,2,0,0
BRDA:21,2,1,0
BRDA:66,3,0,0
BRDA:66,3,1,0
BRDA:74,4,0,0
BRDA:74,4,1,0
BRDA:82,5,0,0
BRDA:82,5,1,0
BRDA:87,6,0,0
BRDA:87,6,1,0
BRDA:93,7,0,0
BRDA:93,7,1,0
BRDA:97,8,0,0
BRDA:97,8,1,0
BRDA:109,9,0,0
BRDA:109,9,1,0
BRDA:146,10,0,0
BRDA:146,10,1,0
BRDA:150,11,0,0
BRDA:150,11,1,0
BRDA:150,12,0,0
BRDA:150,12,1,0
BRDA:157,13,0,0
BRDA:157,13,1,0
BRDA:177,14,0,0
BRDA:177,14,1,0
BRDA:192,15,0,0
BRDA:192,15,1,0
BRDA:218,16,0,0
BRDA:218,16,1,0
BRDA:224,17,0,0
BRDA:224,17,1,0
BRDA:252,18,0,0
BRDA:252,18,1,0
BRDA:254,19,0,0
BRDA:254,19,1,0
BRDA:254,20,0,0
BRDA:254,20,1,0
BRDA:261,21,0,0
BRDA:261,21,1,0
BRDA:261,22,0,0
BRDA:261,22,1,0
BRF:46
BRH:0
end_of_record
TN:
SF:controllers\MemoryScanController.js
FN:11,(anonymous_0)
FN:18,(anonymous_1)
FN:24,(anonymous_2)
FN:79,(anonymous_3)
FN:131,(anonymous_4)
FN:150,(anonymous_5)
FN:168,(anonymous_6)
FN:189,(anonymous_7)
FN:217,(anonymous_8)
FN:219,(anonymous_9)
FN:273,(anonymous_10)
FN:282,(anonymous_11)
FN:286,(anonymous_12)
FN:300,(anonymous_13)
FN:326,(anonymous_14)
FN:335,(anonymous_15)
FN:339,(anonymous_16)
FN:413,(anonymous_17)
FN:434,(anonymous_18)
FNF:19
FNH:0
FNDA:0,(anonymous_0)
FNDA:0,(anonymous_1)
FNDA:0,(anonymous_2)
FNDA:0,(anonymous_3)
FNDA:0,(anonymous_4)
FNDA:0,(anonymous_5)
FNDA:0,(anonymous_6)
FNDA:0,(anonymous_7)
FNDA:0,(anonymous_8)
FNDA:0,(anonymous_9)
FNDA:0,(anonymous_10)
FNDA:0,(anonymous_11)
FNDA:0,(anonymous_12)
FNDA:0,(anonymous_13)
FNDA:0,(anonymous_14)
FNDA:0,(anonymous_15)
FNDA:0,(anonymous_16)
FNDA:0,(anonymous_17)
FNDA:0,(anonymous_18)
DA:1,0
DA:2,0
DA:3,0
DA:6,0
DA:7,0
DA:8,0
DA:12,0
DA:13,0
DA:14,0
DA:15,0
DA:19,0
DA:20,0
DA:21,0
DA:25,0
DA:26,0
DA:27,0
DA:30,0
DA:32,0
DA:33,0
DA:45,0
DA:46,0
DA:47,0
DA:48,0
DA:52,0
DA:53,0
DA:55,0
DA:57,0
DA:58,0
DA:59,0
DA:70,0
DA:73,0
DA:76,0
DA:80,0
DA:81,0
DA:82,0
DA:83,0
DA:86,0
DA:87,0
DA:88,0
DA:89,0
DA:90,0
DA:94,0
DA:95,0
DA:97,0
DA:98,0
DA:99,0
DA:109,0
DA:112,0
DA:115,0
DA:119,0
DA:120,0
DA:124,0
DA:125,0
DA:128,0
DA:132,0
DA:133,0
DA:134,0
DA:135,0
DA:137,0
DA:138,0
DA:142,0
DA:143,0
DA:146,0
DA:151,0
DA:152,0
DA:153,0
DA:154,0
DA:158,0
DA:160,0
DA:163,0
DA:169,0
DA:170,0
DA:171,0
DA:173,0
DA:174,0
DA:175,0
DA:180,0
DA:182,0
DA:185,0
DA:190,0
DA:191,0
DA:192,0
DA:194,0
DA:195,0
DA:198,0
DA:199,0
DA:202,0
DA:211,0
DA:214,0
DA:217,0
DA:218,0
DA:219,0
DA:220,0
DA:221,0
DA:226,0
DA:227,0
DA:228,0
DA:229,0
DA:230,0
DA:231,0
DA:232,0
DA:233,0
DA:234,0
DA:235,0
DA:236,0
DA:237,0
DA:238,0
DA:239,0
DA:240,0
DA:243,0
DA:245,0
DA:248,0
DA:249,0
DA:250,0
DA:251,0
DA:253,0
DA:269,0
DA:270,0
DA:271,0
DA:274,0
DA:275,0
DA:276,0
DA:277,0
DA:280,0
DA:281,0
DA:282,0
DA:283,0
DA:287,0
DA:291,0
DA:292,0
DA:297,0
DA:298,0
DA:299,0
DA:300,0
DA:302,0
DA:303,0
DA:304,0
DA:305,0
DA:306,0
DA:308,0
DA:322,0
DA:323,0
DA:324,0
DA:327,0
DA:328,0
DA:329,0
DA:330,0
DA:333,0
DA:334,0
DA:335,0
DA:336,0
DA:340,0
DA:344,0
DA:345,0
DA:347,0
DA:351,0
DA:356,0
DA:366,0
DA:369,0
DA:370,0
DA:371,0
DA:372,0
DA:376,0
DA:378,0
DA:381,0
DA:385,0
DA:386,0
DA:392,0
DA:397,0
DA:398,0
DA:399,0
DA:405,0
DA:406,0
DA:410,0
DA:414,0
DA:415,0
DA:416,0
DA:418,0
DA:419,0
DA:420,0
DA:424,0
DA:425,0
DA:428,0
DA:429,0
DA:431,0
DA:435,0
DA:436,0
DA:437,0
DA:439,0
DA:444,0
DA:445,0
DA:448,0
DA:449,0
DA:450,0
DA:453,0
DA:458,0
DA:462,0
DA:465,0
DA:466,0
DA:471,0
LF:200
LH:0
BRDA:20,0,0,0
BRDA:20,0,1,0
BRDA:32,1,0,0
BRDA:32,1,1,0
BRDA:32,2,0,0
BRDA:32,2,1,0
BRDA:39,3,0,0
BRDA:39,3,1,0
BRDA:48,4,0,0
BRDA:48,4,1,0
BRDA:52,5,0,0
BRDA:52,5,1,0
BRDA:57,6,0,0
BRDA:57,6,1,0
BRDA:58,7,0,0
BRDA:58,7,1,0
BRDA:86,8,0,0
BRDA:86,8,1,0
BRDA:90,9,0,0
BRDA:90,9,1,0
BRDA:94,10,0,0
BRDA:94,10,1,0
BRDA:97,11,0,0
BRDA:97,11,1,0
BRDA:106,12,0,0
BRDA:106,12,1,0
BRDA:119,13,0,0
BRDA:119,13,1,0
BRDA:124,14,0,0
BRDA:124,14,1,0
BRDA:124,15,0,0
BRDA:124,15,1,0
BRDA:137,16,0,0
BRDA:137,16,1,0
BRDA:142,17,0,0
BRDA:142,17,1,0
BRDA:142,18,0,0
BRDA:142,18,1,0
BRDA:146,19,0,0
BRDA:146,19,1,0
BRDA:194,20,0,0
BRDA:194,20,1,0
BRDA:226,21,0,0
BRDA:226,21,1,0
BRDA:229,22,0,0
BRDA:229,22,1,0
BRDA:229,23,0,0
BRDA:229,23,1,0
BRDA:233,24,0,0
BRDA:233,24,1,0
BRDA:237,25,0,0
BRDA:237,25,1,0
BRDA:248,26,0,0
BRDA:248,26,1,0
BRDA:248,27,0,0
BRDA:248,27,1,0
BRDA:250,28,0,0
BRDA:250,28,1,0
BRDA:251,29,0,0
BRDA:251,29,1,0
BRDA:259,30,0,0
BRDA:259,30,1,0
BRDA:260,31,0,0
BRDA:260,31,1,0
BRDA:262,32,0,0
BRDA:262,32,1,0
BRDA:262,33,0,0
BRDA:262,33,1,0
BRDA:269,34,0,0
BRDA:269,34,1,0
BRDA:272,35,0,0
BRDA:272,35,1,0
BRDA:274,36,0,0
BRDA:274,36,1,0
BRDA:281,37,0,0
BRDA:281,37,1,0
BRDA:297,38,0,0
BRDA:297,38,1,0
BRDA:297,39,0,0
BRDA:297,39,1,0
BRDA:305,40,0,0
BRDA:305,40,1,0
BRDA:305,40,2,0
BRDA:306,41,0,0
BRDA:306,41,1,0
BRDA:317,42,0,0
BRDA:317,42,1,0
BRDA:322,43,0,0
BRDA:322,43,1,0
BRDA:325,44,0,0
BRDA:325,44,1,0
BRDA:327,45,0,0
BRDA:327,45,1,0
BRDA:334,46,0,0
BRDA:334,46,1,0
BRDA:419,47,0,0
BRDA:419,47,1,0
BRDA:424,48,0,0
BRDA:424,48,1,0
BRDA:424,49,0,0
BRDA:424,49,1,0
BRDA:444,50,0,0
BRDA:444,50,1,0
BRDA:445,51,0,0
BRDA:445,51,1,0
BRDA:448,52,0,0
BRDA:448,52,1,0
BRF:107
BRH:0
end_of_record
TN:
SF:controllers\NotificationController.js
FN:4,(anonymous_0)
FN:10,(anonymous_1)
FN:23,(anonymous_2)
FN:36,(anonymous_3)
FN:49,(anonymous_4)
FN:61,(anonymous_5)
FN:74,(anonymous_6)
FN:86,(anonymous_7)
FNF:8
FNH:0
FNDA:0,(anonymous_0)
FNDA:0,(anonymous_1)
FNDA:0,(anonymous_2)
FNDA:0,(anonymous_3)
FNDA:0,(anonymous_4)
FNDA:0,(anonymous_5)
FNDA:0,(anonymous_6)
FNDA:0,(anonymous_7)
DA:1,0
DA:5,0
DA:6,0
DA:11,0
DA:13,0
DA:14,0
DA:15,0
DA:17,0
DA:18,0
DA:24,0
DA:26,0
DA:27,0
DA:28,0
DA:30,0
DA:31,0
DA:37,0
DA:38,0
DA:39,0
DA:40,0
DA:41,0
DA:43,0
DA:44,0
DA:50,0
DA:51,0
DA:52,0
DA:53,0
DA:55,0
DA:56,0
DA:62,0
DA:63,0
DA:64,0
DA:65,0
DA:66,0
DA:68,0
DA:69,0
DA:75,0
DA:76,0
DA:77,0
DA:78,0
DA:80,0
DA:81,0
DA:87,0
DA:88,0
DA:90,0
DA:91,0
DA:93,0
DA:94,0
DA:95,0
DA:96,0
DA:97,0
DA:98,0
DA:101,0
DA:103,0
DA:105,0
DA:106,0
DA:111,0
LF:56
LH:0
BRDA:13,0,0,0
BRDA:13,0,1,0
BRDA:26,1,0,0
BRDA:26,1,1,0
BRDA:38,2,0,0
BRDA:38,2,1,0
BRDA:40,3,0,0
BRDA:40,3,1,0
BRDA:51,4,0,0
BRDA:51,4,1,0
BRDA:63,5,0,0
BRDA:63,5,1,0
BRDA:65,6,0,0
BRDA:65,6,1,0
BRDA:76,7,0,0
BRDA:76,7,1,0
BRDA:87,8,0,0
BRDA:87,8,1,0
BRDA:91,9,0,0
BRDA:91,9,1,0
BRDA:98,10,0,0
BRDA:98,10,1,0
BRDA:98,11,0,0
BRDA:98,11,1,0
BRF:24
BRH:0
end_of_record
TN:
SF:controllers\ScanController.js
FN:19,(anonymous_0)
FN:29,(anonymous_1)
FN:35,(anonymous_2)
FN:61,(anonymous_3)
FN:91,(anonymous_4)
FN:161,(anonymous_5)
FN:167,(anonymous_6)
FN:213,(anonymous_7)
FN:281,(anonymous_8)
FN:289,(anonymous_9)
FN:293,(anonymous_10)
FN:377,(anonymous_11)
FN:411,(anonymous_12)
FN:445,(anonymous_13)
FN:479,(anonymous_14)
FN:511,(anonymous_15)
FN:535,(anonymous_16)
FN:537,(anonymous_17)
FN:562,(anonymous_18)
FNF:19
FNH:0
FNDA:0,(anonymous_0)
FNDA:0,(anonymous_1)
FNDA:0,(anonymous_2)
FNDA:0,(anonymous_3)
FNDA:0,(anonymous_4)
FNDA:0,(anonymous_5)
FNDA:0,(anonymous_6)
FNDA:0,(anonymous_7)
FNDA:0,(anonymous_8)
FNDA:0,(anonymous_9)
FNDA:0,(anonymous_10)
FNDA:0,(anonymous_11)
FNDA:0,(anonymous_12)
FNDA:0,(anonymous_13)
FNDA:0,(anonymous_14)
FNDA:0,(anonymous_15)
FNDA:0,(anonymous_16)
FNDA:0,(anonymous_17)
FNDA:0,(anonymous_18)
DA:1,0
DA:2,0
DA:3,0
DA:4,0
DA:5,0
DA:6,0
DA:7,0
DA:8,0
DA:9,0
DA:10,0
DA:11,0
DA:14,0
DA:15,0
DA:16,0
DA:20,0
DA:21,0
DA:22,0
DA:23,0
DA:24,0
DA:25,0
DA:26,0
DA:30,0
DA:31,0
DA:32,0
DA:36,0
DA:37,0
DA:38,0
DA:39,0
DA:40,0
DA:42,0
DA:46,0
DA:47,0
DA:48,0
DA:49,0
DA:51,0
DA:53,0
DA:54,0
DA:56,0
DA:57,0
DA:62,0
DA:63,0
DA:65,0
DA:66,0
DA:67,0
DA:68,0
DA:73,0
DA:74,0
DA:75,0
DA:76,0
DA:78,0
DA:80,0
DA:82,0
DA:84,0
DA:86,0
DA:87,0
DA:92,0
DA:95,0
DA:97,0
DA:98,0
DA:101,0
DA:104,0
DA:107,0
DA:109,0
DA:110,0
DA:114,0
DA:115,0
DA:116,0
DA:117,0
DA:126,0
DA:127,0
DA:128,0
DA:129,0
DA:140,0
DA:141,0
DA:143,0
DA:145,0
DA:150,0
DA:158,0
DA:161,0
DA:162,0
DA:163,0
DA:164,0
DA:165,0
DA:167,0
DA:168,0
DA:169,0
DA:173,0
DA:174,0
DA:177,0
DA:178,0
DA:179,0
DA:180,0
DA:183,0
DA:184,0
DA:185,0
DA:198,0
DA:201,0
DA:205,0
DA:206,0
DA:207,0
DA:210,0
DA:211,0
DA:212,0
DA:213,0
DA:215,0
DA:216,0
DA:229,0
DA:232,0
DA:235,0
DA:239,0
DA:240,0
DA:241,0
DA:242,0
DA:246,0
DA:247,0
DA:248,0
DA:249,0
DA:252,0
DA:255,0
DA:256,0
DA:257,0
DA:258,0
DA:260,0
DA:273,0
DA:276,0
DA:277,0
DA:278,0
DA:279,0
DA:282,0
DA:283,0
DA:284,0
DA:285,0
DA:287,0
DA:290,0
DA:291,0
DA:294,0
DA:295,0
DA:298,0
DA:304,0
DA:305,0
DA:306,0
DA:307,0
DA:309,0
DA:310,0
DA:311,0
DA:312,0
DA:325,0
DA:329,0
DA:333,0
DA:334,0
DA:337,0
DA:343,0
DA:351,0
DA:352,0
DA:353,0
DA:356,0
DA:361,0
DA:370,0
DA:372,0
DA:373,0
DA:378,0
DA:379,0
DA:382,0
DA:383,0
DA:384,0
DA:385,0
DA:388,0
DA:389,0
DA:390,0
DA:391,0
DA:395,0
DA:396,0
DA:398,0
DA:404,0
DA:406,0
DA:407,0
DA:412,0
DA:413,0
DA:417,0
DA:418,0
DA:420,0
DA:421,0
DA:424,0
DA:425,0
DA:428,0
DA:429,0
DA:432,0
DA:433,0
DA:434,0
DA:435,0
DA:438,0
DA:440,0
DA:441,0
DA:446,0
DA:447,0
DA:451,0
DA:452,0
DA:454,0
DA:455,0
DA:458,0
DA:459,0
DA:462,0
DA:463,0
DA:466,0
DA:467,0
DA:468,0
DA:469,0
DA:472,0
DA:474,0
DA:475,0
DA:480,0
DA:481,0
DA:485,0
DA:486,0
DA:488,0
DA:489,0
DA:492,0
DA:493,0
DA:496,0
DA:497,0
DA:500,0
DA:501,0
DA:502,0
DA:504,0
DA:506,0
DA:507,0
DA:512,0
DA:513,0
DA:517,0
DA:518,0
DA:520,0
DA:521,0
DA:524,0
DA:525,0
DA:529,0
DA:532,0
DA:535,0
DA:536,0
DA:537,0
DA:538,0
DA:541,0
DA:542,0
DA:543,0
DA:545,0
DA:547,0
DA:548,0
DA:549,0
DA:550,0
DA:556,0
DA:560,0
DA:561,0
DA:562,0
DA:564,0
DA:565,0
DA:566,0
DA:570,0
DA:572,0
DA:573,0
DA:578,0
LF:259
LH:0
BRDA:31,0,0,0
BRDA:31,0,1,0
BRDA:37,1,0,0
BRDA:37,1,1,0
BRDA:40,2,0,0
BRDA:40,2,1,0
BRDA:46,3,0,0
BRDA:46,3,1,0
BRDA:48,4,0,0
BRDA:48,4,1,0
BRDA:65,5,0,0
BRDA:65,5,1,0
BRDA:67,6,0,0
BRDA:67,6,1,0
BRDA:73,7,0,0
BRDA:73,7,1,0
BRDA:75,8,0,0
BRDA:75,8,1,0
BRDA:82,9,0,0
BRDA:82,9,1,0
BRDA:97,10,0,0
BRDA:97,10,1,0
BRDA:104,11,0,0
BRDA:104,11,1,0
BRDA:109,12,0,0
BRDA:109,12,1,0
BRDA:114,13,0,0
BRDA:114,13,1,0
BRDA:116,14,0,0
BRDA:116,14,1,0
BRDA:126,15,0,0
BRDA:126,15,1,0
BRDA:128,16,0,0
BRDA:128,16,1,0
BRDA:177,17,0,0
BRDA:177,17,1,0
BRDA:183,18,0,0
BRDA:183,18,1,0
BRDA:183,19,0,0
BRDA:183,19,1,0
BRDA:205,20,0,0
BRDA:205,20,1,0
BRDA:210,21,0,0
BRDA:210,21,1,0
BRDA:210,22,0,0
BRDA:210,22,1,0
BRDA:215,23,0,0
BRDA:215,23,1,0
BRDA:223,24,0,0
BRDA:223,24,1,0
BRDA:239,25,0,0
BRDA:239,25,1,0
BRDA:246,26,0,0
BRDA:246,26,1,0
BRDA:255,27,0,0
BRDA:255,27,1,0
BRDA:255,28,0,0
BRDA:255,28,1,0
BRDA:258,29,0,0
BRDA:258,29,1,0
BRDA:270,30,0,0
BRDA:270,30,1,0
BRDA:276,31,0,0
BRDA:276,31,1,0
BRDA:276,32,0,0
BRDA:276,32,1,0
BRDA:280,33,0,0
BRDA:280,33,1,0
BRDA:283,34,0,0
BRDA:283,34,1,0
BRDA:290,35,0,0
BRDA:290,35,1,0
BRDA:304,36,0,0
BRDA:304,36,1,0
BRDA:304,37,0,0
BRDA:304,37,1,0
BRDA:309,38,0,0
BRDA:309,38,1,0
BRDA:309,39,0,0
BRDA:309,39,1,0
BRDA:311,40,0,0
BRDA:311,40,1,0
BRDA:311,41,0,0
BRDA:311,41,1,0
BRDA:314,42,0,0
BRDA:314,42,1,0
BRDA:317,43,0,0
BRDA:317,43,1,0
BRDA:319,44,0,0
BRDA:319,44,1,0
BRDA:321,45,0,0
BRDA:321,45,1,0
BRDA:321,46,0,0
BRDA:321,46,1,0
BRDA:382,47,0,0
BRDA:382,47,1,0
BRDA:384,48,0,0
BRDA:384,48,1,0
BRDA:388,49,0,0
BRDA:388,49,1,0
BRDA:390,50,0,0
BRDA:390,50,1,0
BRDA:417,51,0,0
BRDA:417,51,1,0
BRDA:420,52,0,0
BRDA:420,52,1,0
BRDA:424,53,0,0
BRDA:424,53,1,0
BRDA:428,54,0,0
BRDA:428,54,1,0
BRDA:434,55,0,0
BRDA:434,55,1,0
BRDA:451,56,0,0
BRDA:451,56,1,0
BRDA:454,57,0,0
BRDA:454,57,1,0
BRDA:458,58,0,0
BRDA:458,58,1,0
BRDA:462,59,0,0
BRDA:462,59,1,0
BRDA:468,60,0,0
BRDA:468,60,1,0
BRDA:485,61,0,0
BRDA:485,61,1,0
BRDA:488,62,0,0
BRDA:488,62,1,0
BRDA:492,63,0,0
BRDA:492,63,1,0
BRDA:496,64,0,0
BRDA:496,64,1,0
BRDA:496,65,0,0
BRDA:496,65,1,0
BRDA:517,66,0,0
BRDA:517,66,1,0
BRDA:520,67,0,0
BRDA:520,67,1,0
BRDA:524,68,0,0
BRDA:524,68,1,0
BRDA:547,69,0,0
BRDA:547,69,1,0
BRDA:547,70,0,0
BRDA:547,70,1,0
BRDA:549,71,0,0
BRDA:549,71,1,0
BRF:144
BRH:0
end_of_record
TN:
SF:controllers\VulnerabilityController.js
FN:4,(anonymous_0)
FN:9,(anonymous_1)
FN:22,(anonymous_2)
FN:36,(anonymous_3)
FN:51,(anonymous_4)
FNF:5
FNH:0
FNDA:0,(anonymous_0)
FNDA:0,(anonymous_1)
FNDA:0,(anonymous_2)
FNDA:0,(anonymous_3)
FNDA:0,(anonymous_4)
DA:1,0
DA:5,0
DA:6,0
DA:10,0
DA:11,0
DA:15,0
DA:17,0
DA:18,0
DA:23,0
DA:24,0
DA:29,0
DA:31,0
DA:32,0
DA:37,0
DA:38,0
DA:40,0
DA:41,0
DA:44,0
DA:46,0
DA:47,0
DA:52,0
DA:54,0
DA:55,0
DA:60,0
DA:61,0
DA:64,0
DA:66,0
DA:67,0
DA:72,0
LF:29
LH:0
BRDA:40,0,0,0
BRDA:40,0,1,0
BRDA:60,1,0,0
BRDA:60,1,1,0
BRF:4
BRH:0
end_of_record
TN:
SF:middlewares\auth.js
FN:1,(anonymous_0)
FN:9,(anonymous_1)
FN:9,(anonymous_2)
FNF:3
FNH:0
FNDA:0,(anonymous_0)
FNDA:0,(anonymous_1)
FNDA:0,(anonymous_2)
DA:1,0
DA:2,0
DA:3,0
DA:5,0
DA:9,0
DA:10,0
DA:11,0
DA:12,0
DA:13,0
DA:16,0
DA:20,0
LF:11
LH:0
BRDA:12,0,0,0
BRDA:12,0,1,0
BRF:2
BRH:0
end_of_record
TN:
SF:middlewares\csrf.js
FN:4,(anonymous_0)
FN:9,(anonymous_1)
FN:21,(anonymous_2)
FN:40,(anonymous_3)
FN:49,(anonymous_4)
FN:50,(anonymous_5)
FN:79,(anonymous_6)
FN:80,(anonymous_7)
FNF:8
FNH:0
FNDA:0,(anonymous_0)
FNDA:0,(anonymous_1)
FNDA:0,(anonymous_2)
FNDA:0,(anonymous_3)
FNDA:0,(anonymous_4)
FNDA:0,(anonymous_5)
FNDA:0,(anonymous_6)
FNDA:0,(anonymous_7)
DA:1,0
DA:5,0
DA:6,0
DA:10,0
DA:11,0
DA:13,0
DA:16,0
DA:18,0
DA:22,0
DA:24,0
DA:25,0
DA:28,0
DA:31,0
DA:32,0
DA:33,0
DA:34,0
DA:37,0
DA:41,0
DA:42,0
DA:43,0
DA:44,0
DA:50,0
DA:52,0
DA:53,0
DA:57,0
DA:58,0
DA:62,0
DA:63,0
DA:66,0
DA:67,0
DA:69,0
DA:70,0
DA:73,0
DA:74,0
DA:80,0
DA:81,0
DA:82,0
DA:85,0
DA:86,0
DA:91,0
DA:93,0
LF:41
LH:0
BRDA:6,0,0,0
BRDA:6,0,1,0
BRDA:22,1,0,0
BRDA:22,1,1,0
BRDA:25,2,0,0
BRDA:25,2,1,0
BRDA:28,3,0,0
BRDA:28,3,1,0
BRDA:32,4,0,0
BRDA:32,4,1,0
BRDA:43,5,0,0
BRDA:43,5,1,0
BRDA:52,6,0,0
BRDA:52,6,1,0
BRDA:57,7,0,0
BRDA:57,7,1,0
BRDA:57,8,0,0
BRDA:57,8,1,0
BRDA:62,9,0,0
BRDA:62,9,1,0
BRDA:69,10,0,0
BRDA:69,10,1,0
BRDA:73,11,0,0
BRDA:73,11,1,0
BRDA:81,12,0,0
BRDA:81,12,1,0
BRF:26
BRH:0
end_of_record
TN:
SF:middlewares\errorHandler.js
FN:1,(anonymous_0)
FN:48,getErrorMessage
FNF:2
FNH:0
FNDA:0,(anonymous_0)
FNDA:0,getErrorMessage
DA:1,0
DA:3,0
DA:13,0
DA:16,0
DA:17,0
DA:18,0
DA:19,0
DA:20,0
DA:21,0
DA:22,0
DA:23,0
DA:27,0
DA:35,0
DA:36,0
DA:40,0
DA:41,0
DA:42,0
DA:45,0
DA:50,0
DA:51,0
DA:53,0
DA:55,0
DA:57,0
DA:59,0
DA:61,0
DA:63,0
DA:65,0
DA:67,0
DA:72,0
DA:75,0
LF:30
LH:0
BRDA:5,0,0,0
BRDA:5,0,1,0
BRDA:13,1,0,0
BRDA:13,1,1,0
BRDA:13,1,2,0
BRDA:16,2,0,0
BRDA:16,2,1,0
BRDA:18,3,0,0
BRDA:18,3,1,0
BRDA:20,4,0,0
BRDA:20,4,1,0
BRDA:22,5,0,0
BRDA:22,5,1,0
BRDA:35,6,0,0
BRDA:35,6,1,0
BRDA:40,7,0,0
BRDA:40,7,1,0
BRDA:50,8,0,0
BRDA:50,8,1,0
BRDA:51,9,0,0
BRDA:51,9,1,0
BRDA:51,9,2,0
BRDA:51,9,3,0
BRDA:51,9,4,0
BRDA:51,9,5,0
BRDA:51,9,6,0
BRDA:51,9,7,0
BRDA:72,10,0,0
BRDA:72,10,1,0
BRF:29
BRH:0
end_of_record
TN:
SF:middlewares\fileValidation.js
FN:14,(anonymous_0)
FNF:1
FNH:0
FNDA:0,(anonymous_0)
DA:1,0
DA:3,0
DA:12,0
DA:14,0
DA:15,0
DA:16,0
DA:19,0
DA:20,0
DA:24,0
DA:27,0
DA:28,0
DA:30,0
DA:31,0
DA:35,0
DA:36,0
DA:40,0
DA:41,0
DA:45,0
DA:46,0
DA:47,0
DA:51,0
DA:52,0
DA:61,0
DA:62,0
DA:63,0
DA:67,0
DA:75,0
DA:87,0
LF:28
LH:0
BRDA:12,0,0,0
BRDA:12,0,1,0
BRDA:19,1,0,0
BRDA:19,1,1,0
BRDA:30,2,0,0
BRDA:30,2,1,0
BRDA:35,3,0,0
BRDA:35,3,1,0
BRDA:40,4,0,0
BRDA:40,4,1,0
BRDA:46,5,0,0
BRDA:46,5,1,0
BRDA:62,6,0,0
BRDA:62,6,1,0
BRF:14
BRH:0
end_of_record
TN:
SF:middlewares\rateLimiter.js
FN:21,(anonymous_0)
FN:26,(anonymous_1)
FN:44,(anonymous_2)
FN:71,(anonymous_3)
FN:72,(anonymous_4)
FN:98,(anonymous_5)
FN:102,(anonymous_6)
FN:104,(anonymous_7)
FN:108,(anonymous_8)
FN:117,(anonymous_9)
FNF:10
FNH:0
FNDA:0,(anonymous_0)
FNDA:0,(anonymous_1)
FNDA:0,(anonymous_2)
FNDA:0,(anonymous_3)
FNDA:0,(anonymous_4)
FNDA:0,(anonymous_5)
FNDA:0,(anonymous_6)
FNDA:0,(anonymous_7)
FNDA:0,(anonymous_8)
FNDA:0,(anonymous_9)
DA:1,0
DA:22,0
DA:23,0
DA:27,0
DA:28,0
DA:30,0
DA:32,0
DA:33,0
DA:35,0
DA:37,0
DA:38,0
DA:41,0
DA:44,0
DA:45,0
DA:47,0
DA:48,0
DA:49,0
DA:50,0
DA:52,0
DA:60,0
DA:61,0
DA:63,0
DA:72,0
DA:73,0
DA:75,0
DA:76,0
DA:78,0
DA:81,0
DA:82,0
DA:83,0
DA:84,0
DA:87,0
DA:88,0
DA:89,0
DA:99,0
DA:104,0
DA:105,0
DA:107,0
DA:108,0
DA:109,0
DA:110,0
DA:112,0
DA:116,0
DA:117,0
DA:118,0
DA:119,0
DA:121,0
DA:128,0
DA:129,0
DA:131,0
LF:50
LH:0
BRDA:26,0,0,0
BRDA:27,1,0,0
BRDA:27,1,1,0
BRDA:30,2,0,0
BRDA:30,2,1,0
BRDA:35,3,0,0
BRDA:35,3,1,0
BRDA:37,4,0,0
BRDA:37,4,1,0
BRDA:47,5,0,0
BRDA:47,5,1,0
BRDA:73,6,0,0
BRDA:73,6,1,0
BRDA:76,7,0,0
BRDA:76,7,1,0
BRDA:81,8,0,0
BRDA:81,8,1,0
BRDA:82,9,0,0
BRDA:82,9,1,0
BRDA:83,10,0,0
BRDA:83,10,1,0
BRDA:87,11,0,0
BRDA:87,11,1,0
BRDA:109,12,0,0
BRDA:109,12,1,0
BRDA:118,13,0,0
BRDA:118,13,1,0
BRF:27
BRH:0
end_of_record
TN:
SF:middlewares\validation.js
FN:2,(anonymous_0)
FN:7,(anonymous_1)
FN:16,(anonymous_2)
FN:21,(anonymous_3)
FN:25,(anonymous_4)
FN:30,(anonymous_5)
FN:116,(anonymous_6)
FN:117,(anonymous_7)
FNF:8
FNH:5
FNDA:0,(anonymous_0)
FNDA:1,(anonymous_1)
FNDA:0,(anonymous_2)
FNDA:0,(anonymous_3)
FNDA:3,(anonymous_4)
FNDA:3,(anonymous_5)
FNDA:2,(anonymous_6)
FNDA:1,(anonymous_7)
DA:1,1
DA:3,0
DA:4,0
DA:8,1
DA:9,1
DA:10,1
DA:12,0
DA:17,0
DA:18,0
DA:22,0
DA:26,3
DA:27,2
DA:31,3
DA:32,3
DA:42,1
DA:116,1
DA:117,2
DA:118,1
DA:119,1
DA:121,1
DA:122,0
DA:126,1
DA:127,1
DA:128,1
DA:129,0
DA:135,1
DA:136,2
DA:138,2
DA:141,2
DA:142,0
DA:144,2
DA:145,0
DA:149,2
DA:150,2
DA:151,0
DA:153,2
DA:154,0
DA:156,2
DA:157,0
DA:159,2
DA:160,0
DA:162,2
DA:163,0
DA:165,2
DA:166,0
DA:171,0
DA:172,0
DA:177,1
LF:48
LH:30
BRDA:22,0,0,0
BRDA:22,0,1,0
BRDA:25,1,0,0
BRDA:26,2,0,1
BRDA:26,2,1,2
BRDA:31,3,0,0
BRDA:31,3,1,3
BRDA:119,4,0,1
BRDA:119,4,1,0
BRDA:119,4,2,0
BRDA:121,5,0,0
BRDA:121,5,1,1
BRDA:121,6,0,1
BRDA:121,6,1,1
BRDA:126,7,0,1
BRDA:126,7,1,0
BRDA:128,8,0,0
BRDA:128,8,1,1
BRDA:128,9,0,1
BRDA:128,9,1,1
BRDA:128,9,2,1
BRDA:128,9,3,1
BRDA:135,10,0,1
BRDA:135,10,1,0
BRDA:138,11,0,0
BRDA:138,11,1,2
BRDA:138,12,0,2
BRDA:138,12,1,2
BRDA:141,13,0,0
BRDA:141,13,1,2
BRDA:141,14,0,2
BRDA:141,14,1,2
BRDA:144,15,0,0
BRDA:144,15,1,2
BRDA:144,16,0,2
BRDA:144,16,1,0
BRDA:149,17,0,2
BRDA:149,17,1,0
BRDA:150,18,0,0
BRDA:150,18,1,2
BRDA:150,19,0,2
BRDA:150,19,1,0
BRDA:153,20,0,0
BRDA:153,20,1,2
BRDA:153,21,0,2
BRDA:153,21,1,1
BRDA:156,22,0,0
BRDA:156,22,1,2
BRDA:156,23,0,2
BRDA:156,23,1,0
BRDA:159,24,0,0
BRDA:159,24,1,2
BRDA:159,25,0,2
BRDA:159,25,1,0
BRDA:162,26,0,0
BRDA:162,26,1,2
BRDA:162,27,0,2
BRDA:162,27,1,1
BRDA:165,28,0,0
BRDA:165,28,1,2
BRDA:165,29,0,2
BRDA:165,29,1,1
BRF:62
BRH:38
end_of_record
TN:
SF:models\Notification.js
FN:2,(anonymous_0)
FN:6,(anonymous_1)
FN:20,(anonymous_2)
FN:35,(anonymous_3)
FN:48,(anonymous_4)
FN:61,(anonymous_5)
FN:74,(anonymous_6)
FN:83,(anonymous_7)
FN:96,(anonymous_8)
FNF:9
FNH:0
FNDA:0,(anonymous_0)
FNDA:0,(anonymous_1)
FNDA:0,(anonymous_2)
FNDA:0,(anonymous_3)
FNDA:0,(anonymous_4)
FNDA:0,(anonymous_5)
FNDA:0,(anonymous_6)
FNDA:0,(anonymous_7)
FNDA:0,(anonymous_8)
DA:3,0
DA:7,0
DA:8,0
DA:9,0
DA:13,0
DA:15,0
DA:21,0
DA:22,0
DA:23,0
DA:24,0
DA:25,0
DA:31,0
DA:36,0
DA:37,0
DA:38,0
DA:42,0
DA:44,0
DA:49,0
DA:50,0
DA:51,0
DA:55,0
DA:57,0
DA:62,0
DA:63,0
DA:64,0
DA:68,0
DA:70,0
DA:75,0
DA:76,0
DA:77,0
DA:79,0
DA:84,0
DA:85,0
DA:86,0
DA:90,0
DA:92,0
DA:97,0
DA:98,0
DA:99,0
DA:101,0
DA:106,0
LF:41
LH:0
BRDA:6,0,0,0
BRDA:6,1,0,0
BRDA:20,2,0,0
BRDA:20,3,0,0
BRF:4
BRH:0
end_of_record
TN:
SF:models\Scan.js
FN:2,(anonymous_0)
FN:6,(anonymous_1)
FN:19,(anonymous_2)
FN:60,(anonymous_3)
FN:72,(anonymous_4)
FN:87,(anonymous_5)
FNF:6
FNH:6
FNDA:9,(anonymous_0)
FNDA:2,(anonymous_1)
FNDA:2,(anonymous_2)
FNDA:2,(anonymous_3)
FNDA:1,(anonymous_4)
FNDA:2,(anonymous_5)
DA:3,9
DA:7,2
DA:8,2
DA:9,2
DA:13,1
DA:15,2
DA:20,2
DA:21,2
DA:23,2
DA:30,2
DA:32,1
DA:35,1
DA:53,1
DA:54,1
DA:56,2
DA:61,2
DA:62,2
DA:63,2
DA:66,2
DA:68,2
DA:73,1
DA:74,1
DA:75,1
DA:79,1
DA:80,1
DA:81,1
DA:83,1
DA:88,2
DA:89,2
DA:90,2
DA:93,2
DA:95,2
DA:100,1
LF:33
LH:33
BRDA:6,0,0,2
BRDA:6,1,0,2
BRDA:6,2,0,2
BRDA:24,3,0,0
BRDA:24,3,1,2
BRDA:27,4,0,0
BRDA:27,4,1,2
BRDA:30,5,0,1
BRDA:30,5,1,1
BRDA:63,6,0,0
BRDA:63,6,1,2
BRDA:72,7,0,0
BRDA:75,8,0,1
BRDA:75,8,1,0
BRDA:79,9,0,1
BRDA:79,9,1,0
BRDA:90,10,0,0
BRDA:90,10,1,2
BRF:18
BRH:11
end_of_record
TN:
SF:models\TeamMember.js
FN:4,(anonymous_0)
FN:8,(anonymous_1)
FN:30,(anonymous_2)
FN:44,(anonymous_3)
FN:57,(anonymous_4)
FN:70,(anonymous_5)
FN:86,(anonymous_6)
FN:98,(anonymous_7)
FNF:8
FNH:0
FNDA:0,(anonymous_0)
FNDA:0,(anonymous_1)
FNDA:0,(anonymous_2)
FNDA:0,(anonymous_3)
FNDA:0,(anonymous_4)
FNDA:0,(anonymous_5)
FNDA:0,(anonymous_6)
FNDA:0,(anonymous_7)
DA:5,0
DA:9,0
DA:10,0
DA:11,0
DA:24,0
DA:26,0
DA:31,0
DA:32,0
DA:33,0
DA:38,0
DA:40,0
DA:45,0
DA:46,0
DA:47,0
DA:51,0
DA:53,0
DA:58,0
DA:59,0
DA:60,0
DA:64,0
DA:66,0
DA:71,0
DA:72,0
DA:73,0
DA:80,0
DA:82,0
DA:87,0
DA:88,0
DA:89,0
DA:94,0
DA:99,0
DA:100,0
DA:101,0
DA:105,0
DA:107,0
DA:112,0
LF:36
LH:0
BRF:0
BRH:0
end_of_record
TN:
SF:models\User.js
FN:4,(anonymous_0)
FN:11,(anonymous_1)
FN:38,(anonymous_2)
FN:51,(anonymous_3)
FN:65,(anonymous_4)
FN:81,(anonymous_5)
FN:97,(anonymous_6)
FN:112,(anonymous_7)
FN:128,(anonymous_8)
FN:141,(anonymous_9)
FN:153,(anonymous_10)
FN:166,(anonymous_11)
FN:175,(anonymous_12)
FNF:13
FNH:0
FNDA:0,(anonymous_0)
FNDA:0,(anonymous_1)
FNDA:0,(anonymous_2)
FNDA:0,(anonymous_3)
FNDA:0,(anonymous_4)
FNDA:0,(anonymous_5)
FNDA:0,(anonymous_6)
FNDA:0,(anonymous_7)
FNDA:0,(anonymous_8)
FNDA:0,(anonymous_9)
FNDA:0,(anonymous_10)
FNDA:0,(anonymous_11)
FNDA:0,(anonymous_12)
DA:5,0
DA:12,0
DA:13,0
DA:14,0
DA:20,0
DA:21,0
DA:22,0
DA:26,0
DA:28,0
DA:31,0
DA:39,0
DA:40,0
DA:41,0
DA:45,0
DA:47,0
DA:52,0
DA:53,0
DA:54,0
DA:58,0
DA:60,0
DA:66,0
DA:67,0
DA:68,0
DA:72,0
DA:74,0
DA:82,0
DA:83,0
DA:84,0
DA:88,0
DA:90,0
DA:98,0
DA:99,0
DA:100,0
DA:103,0
DA:105,0
DA:113,0
DA:114,0
DA:115,0
DA:119,0
DA:121,0
DA:129,0
DA:130,0
DA:131,0
DA:135,0
DA:137,0
DA:142,0
DA:143,0
DA:144,0
DA:149,0
DA:154,0
DA:155,0
DA:156,0
DA:160,0
DA:162,0
DA:167,0
DA:168,0
DA:169,0
DA:171,0
DA:176,0
DA:177,0
DA:178,0
DA:183,0
DA:188,0
LF:63
LH:0
BRDA:20,0,0,0
BRDA:20,0,1,0
BRDA:81,1,0,0
BRDA:81,2,0,0
BRDA:81,3,0,0
BRF:5
BRH:0
end_of_record
TN:
SF:models\Vulnerability.js
FN:2,(anonymous_0)
FN:6,(anonymous_1)
FN:21,(anonymous_2)
FN:37,(anonymous_3)
FN:56,(anonymous_4)
FN:69,(anonymous_5)
FNF:6
FNH:5
FNDA:6,(anonymous_0)
FNDA:2,(anonymous_1)
FNDA:1,(anonymous_2)
FNDA:0,(anonymous_3)
FNDA:1,(anonymous_4)
FNDA:1,(anonymous_5)
DA:3,6
DA:7,2
DA:8,2
DA:9,2
DA:15,2
DA:17,2
DA:22,1
DA:23,1
DA:24,1
DA:31,1
DA:33,1
DA:38,0
DA:39,0
DA:40,0
DA:50,0
DA:52,0
DA:57,1
DA:58,1
DA:59,1
DA:63,1
DA:65,1
DA:70,1
DA:71,1
DA:72,1
DA:76,1
DA:78,1
DA:83,1
LF:27
LH:22
BRDA:6,0,0,0
BRDA:6,1,0,1
BRDA:6,2,0,1
BRDA:6,3,0,1
BRDA:6,4,0,1
BRDA:6,5,0,1
BRDA:6,6,0,1
BRDA:6,7,0,1
BRF:8
BRH:7
end_of_record
TN:
SF:routes\admin.js
FN:3,(anonymous_0)
FN:10,(anonymous_1)
FN:14,(anonymous_2)
FN:18,(anonymous_3)
FN:22,(anonymous_4)
FN:26,(anonymous_5)
FN:30,(anonymous_6)
FN:34,(anonymous_7)
FNF:8
FNH:0
FNDA:0,(anonymous_0)
FNDA:0,(anonymous_1)
FNDA:0,(anonymous_2)
FNDA:0,(anonymous_3)
FNDA:0,(anonymous_4)
FNDA:0,(anonymous_5)
FNDA:0,(anonymous_6)
FNDA:0,(anonymous_7)
DA:1,0
DA:3,0
DA:4,0
DA:7,0
DA:10,0
DA:11,0
DA:14,0
DA:15,0
DA:18,0
DA:19,0
DA:22,0
DA:23,0
DA:26,0
DA:27,0
DA:30,0
DA:31,0
DA:34,0
DA:35,0
LF:18
LH:0
BRF:0
BRH:0
end_of_record
TN:
SF:routes\auth.js
FN:5,(anonymous_0)
FN:10,(anonymous_1)
FN:16,(anonymous_2)
FN:69,(anonymous_3)
FN:75,(anonymous_4)
FN:80,(anonymous_5)
FN:92,(anonymous_6)
FNF:7
FNH:0
FNDA:0,(anonymous_0)
FNDA:0,(anonymous_1)
FNDA:0,(anonymous_2)
FNDA:0,(anonymous_3)
FNDA:0,(anonymous_4)
FNDA:0,(anonymous_5)
FNDA:0,(anonymous_6)
DA:1,0
DA:2,0
DA:3,0
DA:5,0
DA:6,0
DA:8,0
DA:11,0
DA:14,0
DA:17,0
DA:20,0
DA:21,0
DA:22,0
DA:24,0
DA:26,0
DA:28,0
DA:29,0
DA:32,0
DA:33,0
DA:36,0
DA:37,0
DA:38,0
DA:41,0
DA:43,0
DA:51,0
DA:64,0
DA:67,0
DA:70,0
DA:73,0
DA:76,0
DA:80,0
DA:81,0
DA:89,0
DA:92,0
DA:93,0
DA:94,0
DA:96,0
DA:97,0
DA:98,0
DA:101,0
DA:102,0
DA:104,0
DA:112,0
DA:113,0
DA:116,0
DA:120,0
DA:121,0
DA:123,0
DA:124,0
DA:126,0
DA:127,0
LF:50
LH:0
BRDA:24,0,0,0
BRDA:24,0,1,0
BRDA:28,1,0,0
BRDA:28,1,1,0
BRDA:32,2,0,0
BRDA:32,2,1,0
BRDA:37,3,0,0
BRDA:37,3,1,0
BRDA:96,4,0,0
BRDA:96,4,1,0
BRDA:126,5,0,0
BRDA:126,5,1,0
BRF:12
BRH:0
end_of_record
TN:
SF:routes\chapaPayment.js
FN:5,(anonymous_0)
FN:35,(anonymous_1)
FNF:2
FNH:0
FNDA:0,(anonymous_0)
FNDA:0,(anonymous_1)
DA:1,0
DA:2,0
DA:3,0
DA:5,0
DA:6,0
DA:8,0
DA:9,0
DA:29,0
DA:32,0
DA:35,0
DA:36,0
DA:38,0
DA:39,0
DA:48,0
DA:50,0
DA:53,0
DA:55,0
DA:59,0
LF:18
LH:0
BRDA:48,0,0,0
BRDA:48,0,1,0
BRF:2
BRH:0
end_of_record
TN:
SF:routes\dashboard.js
FN:1,(anonymous_0)
FN:3,(anonymous_1)
FN:20,(anonymous_2)
FN:81,(anonymous_3)
FN:92,(anonymous_4)
FNF:5
FNH:0
FNDA:0,(anonymous_0)
FNDA:0,(anonymous_1)
FNDA:0,(anonymous_2)
FNDA:0,(anonymous_3)
FNDA:0,(anonymous_4)
DA:1,0
DA:3,0
DA:4,0
DA:5,0
DA:6,0
DA:7,0
DA:8,0
DA:9,0
DA:15,0
DA:20,0
DA:21,0
DA:22,0
DA:25,0
DA:26,0
DA:28,0
DA:31,0
DA:36,0
DA:41,0
DA:46,0
DA:49,0
DA:54,0
DA:58,0
DA:62,0
DA:63,0
DA:64,0
DA:66,0
DA:76,0
DA:81,0
DA:82,0
DA:83,0
DA:84,0
DA:85,0
DA:87,0
DA:92,0
DA:93,0
DA:94,0
DA:95,0
DA:99,0
DA:101,0
LF:39
LH:0
BRDA:21,0,0,0
BRDA:21,0,1,0
BRDA:62,1,0,0
BRDA:62,1,1,0
BRF:4
BRH:0
end_of_record
TN:
SF:routes\notifications.js
FN:3,(anonymous_0)
FN:7,(anonymous_1)
FN:8,(anonymous_2)
FN:9,(anonymous_3)
FN:10,(anonymous_4)
FN:11,(anonymous_5)
FN:14,(anonymous_6)
FN:17,(anonymous_7)
FNF:8
FNH:0
FNDA:0,(anonymous_0)
FNDA:0,(anonymous_1)
FNDA:0,(anonymous_2)
FNDA:0,(anonymous_3)
FNDA:0,(anonymous_4)
FNDA:0,(anonymous_5)
FNDA:0,(anonymous_6)
FNDA:0,(anonymous_7)
DA:1,0
DA:3,0
DA:4,0
DA:5,0
DA:7,0
DA:8,0
DA:9,0
DA:10,0
DA:11,0
DA:14,0
DA:17,0
LF:11
LH:0
BRF:0
BRH:0
end_of_record
TN:
SF:routes\payments.js
FN:7,(anonymous_0)
FN:10,(anonymous_1)
FN:87,(anonymous_2)
FN:170,(anonymous_3)
FN:216,(anonymous_4)
FNF:5
FNH:0
FNDA:0,(anonymous_0)
FNDA:0,(anonymous_1)
FNDA:0,(anonymous_2)
FNDA:0,(anonymous_3)
FNDA:0,(anonymous_4)
DA:1,0
DA:3,0
DA:4,0
DA:5,0
DA:7,0
DA:10,0
DA:11,0
DA:13,0
DA:14,0
DA:17,0
DA:18,0
DA:20,0
DA:21,0
DA:22,0
DA:24,0
DA:27,0
DA:28,0
DA:31,0
DA:34,0
DA:35,0
DA:38,0
DA:45,0
DA:69,0
DA:72,0
DA:77,0
DA:79,0
DA:80,0
DA:82,0
DA:87,0
DA:88,0
DA:90,0
DA:91,0
DA:92,0
DA:97,0
DA:98,0
DA:100,0
DA:102,0
DA:110,0
DA:117,0
DA:118,0
DA:121,0
DA:127,0
DA:139,0
DA:140,0
DA:141,0
DA:154,0
DA:160,0
DA:162,0
DA:163,0
DA:165,0
DA:170,0
DA:171,0
DA:172,0
DA:173,0
DA:174,0
DA:177,0
DA:182,0
DA:185,0
DA:190,0
DA:196,0
DA:197,0
DA:198,0
DA:199,0
DA:206,0
DA:208,0
DA:209,0
DA:211,0
DA:216,0
DA:217,0
DA:218,0
DA:220,0
DA:221,0
DA:228,0
DA:229,0
DA:232,0
DA:239,0
DA:242,0
DA:246,0
DA:247,0
DA:248,0
DA:249,0
DA:251,0
DA:261,0
LF:83
LH:0
BRDA:3,0,0,0
BRDA:3,0,1,0
BRDA:5,1,0,0
BRDA:5,1,1,0
BRDA:13,2,0,0
BRDA:13,2,1,0
BRDA:21,3,0,0
BRDA:21,3,1,0
BRDA:79,4,0,0
BRDA:79,4,1,0
BRDA:100,5,0,0
BRDA:100,5,1,0
BRDA:117,6,0,0
BRDA:117,6,1,0
BRDA:162,7,0,0
BRDA:162,7,1,0
BRDA:173,8,0,0
BRDA:173,8,1,0
BRDA:174,9,0,0
BRDA:174,9,1,0
BRDA:174,10,0,0
BRDA:174,10,1,0
BRDA:182,11,0,0
BRDA:182,11,1,0
BRDA:196,12,0,0
BRDA:196,12,1,0
BRDA:220,13,0,0
BRDA:220,13,1,0
BRDA:228,14,0,0
BRDA:228,14,1,0
BRDA:239,15,0,0
BRDA:239,15,1,0
BRDA:247,16,0,0
BRDA:247,16,1,0
BRDA:252,17,0,0
BRDA:252,17,1,0
BRDA:254,18,0,0
BRDA:254,18,1,0
BRF:38
BRH:0
end_of_record
TN:
SF:routes\pricing.js
FN:1,(anonymous_0)
FN:6,(anonymous_1)
FN:17,(anonymous_2)
FN:36,(anonymous_3)
FN:54,(anonymous_4)
FN:70,(anonymous_5)
FN:88,(anonymous_6)
FN:105,(anonymous_7)
FN:122,(anonymous_8)
FNF:9
FNH:0
FNDA:0,(anonymous_0)
FNDA:0,(anonymous_1)
FNDA:0,(anonymous_2)
FNDA:0,(anonymous_3)
FNDA:0,(anonymous_4)
FNDA:0,(anonymous_5)
FNDA:0,(anonymous_6)
FNDA:0,(anonymous_7)
FNDA:0,(anonymous_8)
DA:1,0
DA:6,0
DA:7,0
DA:8,0
DA:9,0
DA:10,0
DA:12,0
DA:17,0
DA:18,0
DA:20,0
DA:21,0
DA:23,0
DA:24,0
DA:25,0
DA:29,0
DA:31,0
DA:36,0
DA:37,0
DA:39,0
DA:40,0
DA:41,0
DA:42,0
DA:46,0
DA:47,0
DA:49,0
DA:54,0
DA:55,0
DA:57,0
DA:58,0
DA:59,0
DA:60,0
DA:61,0
DA:63,0
DA:70,0
DA:71,0
DA:73,0
DA:74,0
DA:75,0
DA:81,0
DA:83,0
DA:88,0
DA:89,0
DA:91,0
DA:92,0
DA:93,0
DA:97,0
DA:98,0
DA:100,0
DA:105,0
DA:106,0
DA:108,0
DA:109,0
DA:110,0
DA:114,0
DA:115,0
DA:117,0
DA:122,0
DA:123,0
DA:125,0
DA:126,0
DA:127,0
DA:131,0
DA:132,0
DA:134,0
LF:64
LH:0
BRDA:18,0,0,0
BRDA:18,0,1,0
BRDA:21,1,0,0
BRDA:21,1,1,0
BRDA:21,2,0,0
BRDA:21,2,1,0
BRDA:27,3,0,0
BRDA:27,3,1,0
BRDA:37,4,0,0
BRDA:37,4,1,0
BRDA:44,5,0,0
BRDA:44,5,1,0
BRDA:46,6,0,0
BRDA:46,6,1,0
BRDA:55,7,0,0
BRDA:55,7,1,0
BRDA:60,8,0,0
BRDA:60,8,1,0
BRDA:71,9,0,0
BRDA:71,9,1,0
BRDA:89,10,0,0
BRDA:89,10,1,0
BRDA:97,11,0,0
BRDA:97,11,1,0
BRDA:106,12,0,0
BRDA:106,12,1,0
BRDA:114,13,0,0
BRDA:114,13,1,0
BRDA:123,14,0,0
BRDA:123,14,1,0
BRDA:131,15,0,0
BRDA:131,15,1,0
BRF:32
BRH:0
end_of_record
TN:
SF:routes\reports.js
FN:4,(anonymous_0)
FN:6,(anonymous_1)
FN:23,(anonymous_2)
FN:40,(anonymous_3)
FN:47,(anonymous_4)
FN:66,(anonymous_5)
FN:73,(anonymous_6)
FN:92,(anonymous_7)
FN:99,(anonymous_8)
FNF:9
FNH:0
FNDA:0,(anonymous_0)
FNDA:0,(anonymous_1)
FNDA:0,(anonymous_2)
FNDA:0,(anonymous_3)
FNDA:0,(anonymous_4)
FNDA:0,(anonymous_5)
FNDA:0,(anonymous_6)
FNDA:0,(anonymous_7)
FNDA:0,(anonymous_8)
DA:1,0
DA:2,0
DA:4,0
DA:6,0
DA:7,0
DA:8,0
DA:9,0
DA:13,0
DA:15,0
DA:20,0
DA:24,0
DA:25,0
DA:26,0
DA:27,0
DA:31,0
DA:33,0
DA:38,0
DA:41,0
DA:42,0
DA:44,0
DA:48,0
DA:49,0
DA:50,0
DA:54,0
DA:55,0
DA:57,0
DA:59,0
DA:64,0
DA:67,0
DA:68,0
DA:70,0
DA:74,0
DA:75,0
DA:76,0
DA:80,0
DA:81,0
DA:83,0
DA:85,0
DA:90,0
DA:93,0
DA:94,0
DA:96,0
DA:100,0
DA:101,0
DA:102,0
DA:106,0
DA:107,0
DA:109,0
DA:110,0
DA:111,0
DA:113,0
LF:51
LH:0
BRDA:29,0,0,0
BRDA:29,0,1,0
BRDA:54,1,0,0
BRDA:54,1,1,0
BRDA:80,2,0,0
BRDA:80,2,1,0
BRDA:106,3,0,0
BRDA:106,3,1,0
BRF:8
BRH:0
end_of_record
TN:
SF:routes\scans.js
FN:7,(anonymous_0)
FN:12,(anonymous_1)
FN:19,(anonymous_2)
FN:25,(anonymous_3)
FN:32,(anonymous_4)
FN:38,(anonymous_5)
FN:45,(anonymous_6)
FN:51,(anonymous_7)
FN:58,(anonymous_8)
FN:64,(anonymous_9)
FN:71,(anonymous_10)
FN:77,(anonymous_11)
FN:84,(anonymous_12)
FN:90,(anonymous_13)
FN:97,(anonymous_14)
FN:103,(anonymous_15)
FN:110,(anonymous_16)
FNF:17
FNH:0
FNDA:0,(anonymous_0)
FNDA:0,(anonymous_1)
FNDA:0,(anonymous_2)
FNDA:0,(anonymous_3)
FNDA:0,(anonymous_4)
FNDA:0,(anonymous_5)
FNDA:0,(anonymous_6)
FNDA:0,(anonymous_7)
FNDA:0,(anonymous_8)
FNDA:0,(anonymous_9)
FNDA:0,(anonymous_10)
FNDA:0,(anonymous_11)
FNDA:0,(anonymous_12)
FNDA:0,(anonymous_13)
FNDA:0,(anonymous_14)
FNDA:0,(anonymous_15)
FNDA:0,(anonymous_16)
DA:1,0
DA:2,0
DA:3,0
DA:4,0
DA:5,0
DA:7,0
DA:8,0
DA:12,0
DA:13,0
DA:16,0
DA:20,0
DA:23,0
DA:26,0
DA:27,0
DA:29,0
DA:33,0
DA:36,0
DA:39,0
DA:40,0
DA:42,0
DA:46,0
DA:49,0
DA:52,0
DA:53,0
DA:55,0
DA:59,0
DA:62,0
DA:65,0
DA:66,0
DA:68,0
DA:72,0
DA:75,0
DA:78,0
DA:79,0
DA:81,0
DA:85,0
DA:88,0
DA:91,0
DA:92,0
DA:94,0
DA:98,0
DA:101,0
DA:104,0
DA:105,0
DA:107,0
DA:111,0
LF:46
LH:0
BRDA:8,0,0,0
BRDA:8,0,1,0
BRF:2
BRH:0
end_of_record
TN:
SF:routes\settings.js
FN:6,(anonymous_0)
FN:18,(anonymous_1)
FN:21,(anonymous_2)
FN:27,(anonymous_3)
FN:33,(anonymous_4)
FN:41,(anonymous_5)
FN:52,(anonymous_6)
FN:66,(anonymous_7)
FN:84,(anonymous_8)
FN:105,(anonymous_9)
FN:119,(anonymous_10)
FN:137,(anonymous_11)
FN:158,(anonymous_12)
FN:181,(anonymous_13)
FN:191,(anonymous_14)
FNF:15
FNH:0
FNDA:0,(anonymous_0)
FNDA:0,(anonymous_1)
FNDA:0,(anonymous_2)
FNDA:0,(anonymous_3)
FNDA:0,(anonymous_4)
FNDA:0,(anonymous_5)
FNDA:0,(anonymous_6)
FNDA:0,(anonymous_7)
FNDA:0,(anonymous_8)
FNDA:0,(anonymous_9)
FNDA:0,(anonymous_10)
FNDA:0,(anonymous_11)
FNDA:0,(anonymous_12)
FNDA:0,(anonymous_13)
FNDA:0,(anonymous_14)
DA:1,0
DA:4,0
DA:6,0
DA:7,0
DA:8,0
DA:9,0
DA:10,0
DA:11,0
DA:12,0
DA:13,0
DA:14,0
DA:15,0
DA:18,0
DA:21,0
DA:22,0
DA:23,0
DA:27,0
DA:28,0
DA:33,0
DA:34,0
DA:35,0
DA:36,0
DA:37,0
DA:38,0
DA:41,0
DA:42,0
DA:43,0
DA:44,0
DA:48,0
DA:49,0
DA:52,0
DA:53,0
DA:54,0
DA:55,0
DA:56,0
DA:57,0
DA:58,0
DA:59,0
DA:60,0
DA:61,0
DA:62,0
DA:63,0
DA:66,0
DA:67,0
DA:68,0
DA:69,0
DA:70,0
DA:77,0
DA:78,0
DA:84,0
DA:85,0
DA:86,0
DA:87,0
DA:88,0
DA:89,0
DA:101,0
DA:105,0
DA:106,0
DA:107,0
DA:108,0
DA:109,0
DA:113,0
DA:114,0
DA:115,0
DA:119,0
DA:120,0
DA:121,0
DA:122,0
DA:123,0
DA:132,0
DA:133,0
DA:137,0
DA:138,0
DA:139,0
DA:140,0
DA:141,0
DA:142,0
DA:143,0
DA:147,0
DA:149,0
DA:153,0
DA:154,0
DA:158,0
DA:159,0
DA:160,0
DA:161,0
DA:162,0
DA:163,0
DA:164,0
DA:168,0
DA:169,0
DA:172,0
DA:176,0
DA:177,0
DA:181,0
DA:182,0
DA:183,0
DA:184,0
DA:185,0
DA:186,0
DA:187,0
DA:191,0
DA:192,0
DA:193,0
DA:194,0
DA:195,0
DA:196,0
DA:197,0
DA:198,0
DA:199,0
DA:205,0
LF:111
LH:0
BRDA:8,0,0,0
BRDA:8,0,1,0
BRDA:37,1,0,0
BRDA:37,1,1,0
BRDA:54,2,0,0
BRDA:54,2,1,0
BRDA:54,3,0,0
BRDA:54,3,1,0
BRDA:59,4,0,0
BRDA:59,4,1,0
BRDA:85,5,0,0
BRDA:85,5,1,0
BRDA:89,6,0,0
BRDA:89,6,1,0
BRDA:106,7,0,0
BRDA:106,7,1,0
BRDA:120,8,0,0
BRDA:120,8,1,0
BRDA:138,9,0,0
BRDA:138,9,1,0
BRDA:140,10,0,0
BRDA:140,10,1,0
BRDA:147,11,0,0
BRDA:147,11,1,0
BRDA:159,12,0,0
BRDA:159,12,1,0
BRDA:161,13,0,0
BRDA:161,13,1,0
BRDA:168,14,0,0
BRDA:168,14,1,0
BRDA:169,15,0,0
BRDA:169,15,1,0
BRDA:170,16,0,0
BRDA:170,16,1,0
BRDA:174,17,0,0
BRDA:174,17,1,0
BRDA:182,18,0,0
BRDA:182,18,1,0
BRDA:192,19,0,0
BRDA:192,19,1,0
BRF:40
BRH:0
end_of_record
TN:
SF:routes\team.js
FN:3,(anonymous_0)
FN:10,(anonymous_1)
FN:37,(anonymous_2)
FN:138,(anonymous_3)
FN:147,(anonymous_4)
FNF:5
FNH:0
FNDA:0,(anonymous_0)
FNDA:0,(anonymous_1)
FNDA:0,(anonymous_2)
FNDA:0,(anonymous_3)
FNDA:0,(anonymous_4)
DA:1,0
DA:3,0
DA:4,0
DA:5,0
DA:7,0
DA:10,0
DA:11,0
DA:12,0
DA:13,0
DA:22,0
DA:23,0
DA:26,0
DA:27,0
DA:28,0
DA:30,0
DA:32,0
DA:37,0
DA:38,0
DA:40,0
DA:41,0
DA:44,0
DA:45,0
DA:46,0
DA:55,0
DA:56,0
DA:59,0
DA:60,0
DA:62,0
DA:63,0
DA:68,0
DA:69,0
DA:71,0
DA:72,0
DA:74,0
DA:75,0
DA:76,0
DA:79,0
DA:80,0
DA:81,0
DA:82,0
DA:85,0
DA:86,0
DA:87,0
DA:91,0
DA:92,0
DA:93,0
DA:94,0
DA:98,0
DA:102,0
DA:103,0
DA:104,0
DA:107,0
DA:108,0
DA:115,0
DA:124,0
DA:133,0
DA:138,0
DA:139,0
DA:140,0
DA:141,0
DA:143,0
DA:147,0
DA:148,0
DA:150,0
DA:151,0
DA:154,0
DA:156,0
DA:157,0
DA:160,0
DA:161,0
DA:164,0
DA:165,0
DA:168,0
DA:169,0
DA:170,0
DA:173,0
DA:175,0
DA:183,0
LF:78
LH:0
BRDA:22,0,0,0
BRDA:22,0,1,0
BRDA:40,1,0,0
BRDA:40,1,1,0
BRDA:40,2,0,0
BRDA:40,2,1,0
BRDA:55,3,0,0
BRDA:55,3,1,0
BRDA:62,4,0,0
BRDA:62,4,1,0
BRDA:74,5,0,0
BRDA:74,5,1,0
BRDA:74,6,0,0
BRDA:74,6,1,0
BRDA:80,7,0,0
BRDA:80,7,1,0
BRDA:85,8,0,0
BRDA:85,8,1,0
BRDA:92,9,0,0
BRDA:92,9,1,0
BRDA:102,10,0,0
BRDA:102,10,1,0
BRDA:127,11,0,0
BRDA:127,11,1,0
BRDA:140,12,0,0
BRDA:140,12,1,0
BRDA:150,13,0,0
BRDA:150,13,1,0
BRDA:150,14,0,0
BRDA:150,14,1,0
BRDA:156,15,0,0
BRDA:156,15,1,0
BRDA:160,16,0,0
BRDA:160,16,1,0
BRDA:164,17,0,0
BRDA:164,17,1,0
BRDA:169,18,0,0
BRDA:169,18,1,0
BRF:38
BRH:0
end_of_record
TN:
SF:routes\transactions.js
FN:1,(anonymous_0)
FN:4,(anonymous_1)
FN:44,(anonymous_2)
FN:68,(anonymous_3)
FN:110,(anonymous_4)
FNF:5
FNH:0
FNDA:0,(anonymous_0)
FNDA:0,(anonymous_1)
FNDA:0,(anonymous_2)
FNDA:0,(anonymous_3)
FNDA:0,(anonymous_4)
DA:1,0
DA:4,0
DA:6,0
DA:7,0
DA:10,0
DA:11,0
DA:13,0
DA:33,0
DA:36,0
DA:44,0
DA:45,0
DA:46,0
DA:47,0
DA:48,0
DA:49,0
DA:50,0
DA:51,0
DA:55,0
DA:60,0
DA:61,0
DA:63,0
DA:68,0
DA:69,0
DA:70,0
DA:73,0
DA:75,0
DA:76,0
DA:77,0
DA:88,0
DA:89,0
DA:90,0
DA:91,0
DA:94,0
DA:96,0
DA:98,0
DA:102,0
DA:103,0
DA:105,0
DA:110,0
DA:111,0
DA:112,0
DA:115,0
DA:117,0
DA:118,0
DA:119,0
DA:132,0
DA:133,0
DA:136,0
DA:138,0
DA:139,0
DA:141,0
LF:51
LH:0
BRDA:6,0,0,0
BRDA:6,0,1,0
BRDA:45,1,0,0
BRDA:45,1,1,0
BRDA:46,2,0,0
BRDA:46,2,1,0
BRDA:48,3,0,0
BRDA:48,3,1,0
BRDA:50,4,0,0
BRDA:50,4,1,0
BRDA:69,5,0,0
BRDA:69,5,1,0
BRDA:89,6,0,0
BRDA:89,6,1,0
BRDA:89,7,0,0
BRDA:89,7,1,0
BRDA:111,8,0,0
BRDA:111,8,1,0
BRDA:132,9,0,0
BRDA:132,9,1,0
BRF:20
BRH:0
end_of_record
TN:
SF:routes\users.js
FN:1,(anonymous_0)
FN:3,(anonymous_1)
FN:17,(anonymous_2)
FN:42,(anonymous_3)
FN:60,(anonymous_4)
FN:77,(anonymous_5)
FN:98,(anonymous_6)
FNF:7
FNH:0
FNDA:0,(anonymous_0)
FNDA:0,(anonymous_1)
FNDA:0,(anonymous_2)
FNDA:0,(anonymous_3)
FNDA:0,(anonymous_4)
FNDA:0,(anonymous_5)
FNDA:0,(anonymous_6)
DA:1,0
DA:3,0
DA:4,0
DA:5,0
DA:7,0
DA:8,0
DA:9,0
DA:10,0
DA:12,0
DA:17,0
DA:18,0
DA:19,0
DA:21,0
DA:22,0
DA:23,0
DA:24,0
DA:25,0
DA:26,0
DA:30,0
DA:32,0
DA:33,0
DA:35,0
DA:37,0
DA:42,0
DA:43,0
DA:44,0
DA:46,0
DA:47,0
DA:48,0
DA:49,0
DA:50,0
DA:55,0
DA:60,0
DA:61,0
DA:62,0
DA:64,0
DA:65,0
DA:66,0
DA:67,0
DA:68,0
DA:70,0
DA:72,0
DA:77,0
DA:78,0
DA:79,0
DA:81,0
DA:82,0
DA:83,0
DA:84,0
DA:88,0
DA:89,0
DA:91,0
DA:93,0
DA:98,0
DA:99,0
DA:100,0
DA:102,0
DA:103,0
DA:104,0
DA:105,0
DA:106,0
DA:108,0
DA:110,0
LF:63
LH:0
BRDA:4,0,0,0
BRDA:4,0,1,0
BRDA:18,1,0,0
BRDA:18,1,1,0
BRDA:28,2,0,0
BRDA:28,2,1,0
BRDA:28,3,0,0
BRDA:28,3,1,0
BRDA:32,4,0,0
BRDA:32,4,1,0
BRDA:43,5,0,0
BRDA:43,5,1,0
BRDA:61,6,0,0
BRDA:61,6,1,0
BRDA:67,7,0,0
BRDA:67,7,1,0
BRDA:78,8,0,0
BRDA:78,8,1,0
BRDA:88,9,0,0
BRDA:88,9,1,0
BRDA:99,10,0,0
BRDA:99,10,1,0
BRDA:105,11,0,0
BRDA:105,11,1,0
BRF:24
BRH:0
end_of_record
TN:
SF:routes\vulnerabilities.js
FN:5,(anonymous_0)
FN:9,(anonymous_1)
FN:13,(anonymous_2)
FN:20,(anonymous_3)
FN:24,(anonymous_4)
FNF:5
FNH:0
FNDA:0,(anonymous_0)
FNDA:0,(anonymous_1)
FNDA:0,(anonymous_2)
FNDA:0,(anonymous_3)
FNDA:0,(anonymous_4)
DA:1,0
DA:2,0
DA:3,0
DA:5,0
DA:6,0
DA:7,0
DA:9,0
DA:10,0
DA:13,0
DA:14,0
DA:15,0
DA:17,0
DA:20,0
DA:21,0
DA:24,0
DA:25,0
LF:16
LH:0
BRDA:14,0,0,0
BRDA:14,0,1,0
BRF:2
BRH:0
end_of_record
TN:
SF:services\aiClassifier.js
FN:4,(anonymous_0)
FN:13,(anonymous_1)
FN:50,(anonymous_2)
FNF:3
FNH:3
FNDA:11,(anonymous_0)
FNDA:11,(anonymous_1)
FNDA:3,(anonymous_2)
DA:1,1
DA:5,11
DA:6,11
DA:7,9
DA:9,2
DA:14,11
DA:15,11
DA:16,1
DA:19,10
DA:20,1
DA:23,9
DA:25,9
DA:39,2
DA:41,2
DA:48,7
DA:49,3
DA:50,3
DA:51,3
DA:54,4
DA:55,1
DA:56,1
DA:57,3
DA:58,1
DA:59,2
DA:60,1
DA:61,1
DA:62,0
DA:63,1
DA:64,1
DA:66,0
DA:68,4
DA:73,1
LF:32
LH:30
BRDA:6,0,0,9
BRDA:6,0,1,2
BRDA:13,1,0,8
BRDA:15,2,0,1
BRDA:15,2,1,10
BRDA:19,3,0,1
BRDA:19,3,1,9
BRDA:42,4,0,2
BRDA:42,4,1,0
BRDA:43,5,0,2
BRDA:43,5,1,0
BRDA:44,6,0,2
BRDA:44,6,1,1
BRDA:48,7,0,3
BRDA:48,7,1,4
BRDA:48,8,0,7
BRDA:48,8,1,4
BRDA:54,9,0,1
BRDA:54,9,1,3
BRDA:57,10,0,1
BRDA:57,10,1,2
BRDA:59,11,0,1
BRDA:59,11,1,1
BRDA:61,12,0,0
BRDA:61,12,1,1
BRDA:63,13,0,1
BRDA:63,13,1,0
BRDA:63,14,0,1
BRDA:63,14,1,1
BRF:29
BRH:25
end_of_record
TN:
SF:services\cleanup.js
FN:6,(anonymous_0)
FN:11,(anonymous_1)
FN:20,(anonymous_2)
FN:25,(anonymous_3)
FN:28,(anonymous_4)
FN:97,(anonymous_5)
FNF:6
FNH:0
FNDA:0,(anonymous_0)
FNDA:0,(anonymous_1)
FNDA:0,(anonymous_2)
FNDA:0,(anonymous_3)
FNDA:0,(anonymous_4)
FNDA:0,(anonymous_5)
DA:1,0
DA:2,0
DA:3,0
DA:7,0
DA:8,0
DA:12,0
DA:13,0
DA:14,0
DA:17,0
DA:20,0
DA:21,0
DA:25,0
DA:29,0
DA:30,0
DA:31,0
DA:34,0
DA:35,0
DA:37,0
DA:38,0
DA:39,0
DA:41,0
DA:43,0
DA:45,0
DA:50,0
DA:51,0
DA:52,0
DA:55,0
DA:58,0
DA:64,0
DA:70,0
DA:71,0
DA:72,0
DA:73,0
DA:74,0
DA:75,0
DA:77,0
DA:78,0
DA:79,0
DA:83,0
DA:86,0
DA:88,0
DA:91,0
DA:93,0
DA:98,0
DA:99,0
DA:100,0
DA:105,0
LF:47
LH:0
BRDA:12,0,0,0
BRDA:12,0,1,0
BRDA:29,1,0,0
BRDA:29,1,1,0
BRDA:50,2,0,0
BRDA:50,2,1,0
BRDA:77,3,0,0
BRDA:77,3,1,0
BRDA:98,4,0,0
BRDA:98,4,1,0
BRF:10
BRH:0
end_of_record
TN:
SF:services\customScanner.js
FN:5,(anonymous_0)
FN:11,(anonymous_1)
FN:48,(anonymous_2)
FN:99,(anonymous_3)
FN:105,(anonymous_4)
FN:110,(anonymous_5)
FN:126,(anonymous_6)
FN:145,(anonymous_7)
FN:158,(anonymous_8)
FN:174,(anonymous_9)
FN:178,(anonymous_10)
FN:190,(anonymous_11)
FN:194,(anonymous_12)
FN:214,(anonymous_13)
FN:220,(anonymous_14)
FN:231,(anonymous_15)
FN:249,(anonymous_16)
FN:266,(anonymous_17)
FN:272,(anonymous_18)
FN:307,(anonymous_19)
FN:321,(anonymous_20)
FN:326,(anonymous_21)
FN:331,(anonymous_22)
FNF:23
FNH:0
FNDA:0,(anonymous_0)
FNDA:0,(anonymous_1)
FNDA:0,(anonymous_2)
FNDA:0,(anonymous_3)
FNDA:0,(anonymous_4)
FNDA:0,(anonymous_5)
FNDA:0,(anonymous_6)
FNDA:0,(anonymous_7)
FNDA:0,(anonymous_8)
FNDA:0,(anonymous_9)
FNDA:0,(anonymous_10)
FNDA:0,(anonymous_11)
FNDA:0,(anonymous_12)
FNDA:0,(anonymous_13)
FNDA:0,(anonymous_14)
FNDA:0,(anonymous_15)
FNDA:0,(anonymous_16)
FNDA:0,(anonymous_17)
FNDA:0,(anonymous_18)
FNDA:0,(anonymous_19)
FNDA:0,(anonymous_20)
FNDA:0,(anonymous_21)
FNDA:0,(anonymous_22)
DA:1,0
DA:2,0
DA:6,0
DA:7,0
DA:8,0
DA:12,0
DA:49,0
DA:50,0
DA:52,0
DA:68,0
DA:70,0
DA:73,0
DA:74,0
DA:78,0
DA:81,0
DA:84,0
DA:87,0
DA:90,0
DA:91,0
DA:92,0
DA:93,0
DA:95,0
DA:96,0
DA:100,0
DA:102,0
DA:103,0
DA:105,0
DA:109,0
DA:110,0
DA:111,0
DA:112,0
DA:124,0
DA:125,0
DA:126,0
DA:127,0
DA:128,0
DA:141,0
DA:146,0
DA:149,0
DA:152,0
DA:155,0
DA:159,0
DA:160,0
DA:162,0
DA:163,0
DA:175,0
DA:176,0
DA:178,0
DA:179,0
DA:191,0
DA:192,0
DA:194,0
DA:197,0
DA:199,0
DA:200,0
DA:210,0
DA:215,0
DA:217,0
DA:218,0
DA:220,0
DA:223,0
DA:231,0
DA:232,0
DA:233,0
DA:245,0
DA:250,0
DA:252,0
DA:254,0
DA:255,0
DA:267,0
DA:269,0
DA:270,0
DA:272,0
DA:275,0
DA:277,0
DA:278,0
DA:281,0
DA:282,0
DA:285,0
DA:286,0
DA:287,0
DA:288,0
DA:289,0
DA:291,0
DA:292,0
DA:303,0
DA:308,0
DA:315,0
DA:316,0
DA:317,0
DA:322,0
DA:323,0
DA:327,0
DA:328,0
DA:332,0
DA:350,0
LF:96
LH:0
BRDA:48,0,0,0
BRDA:73,1,0,0
BRDA:73,1,1,0
BRDA:111,2,0,0
BRDA:111,2,1,0
BRDA:125,3,0,0
BRDA:125,3,1,0
BRDA:125,4,0,0
BRDA:125,4,1,0
BRDA:127,5,0,0
BRDA:127,5,1,0
BRDA:127,6,0,0
BRDA:127,6,1,0
BRDA:162,7,0,0
BRDA:162,7,1,0
BRDA:178,8,0,0
BRDA:178,8,1,0
BRDA:178,9,0,0
BRDA:178,9,1,0
BRDA:199,10,0,0
BRDA:199,10,1,0
BRDA:199,11,0,0
BRDA:199,11,1,0
BRDA:232,12,0,0
BRDA:232,12,1,0
BRDA:254,13,0,0
BRDA:254,13,1,0
BRDA:277,14,0,0
BRDA:277,14,1,0
BRDA:281,15,0,0
BRDA:281,15,1,0
BRDA:285,16,0,0
BRDA:285,16,1,0
BRDA:286,17,0,0
BRDA:286,17,1,0
BRDA:287,18,0,0
BRDA:287,18,1,0
BRDA:288,19,0,0
BRDA:288,19,1,0
BRDA:289,20,0,0
BRDA:289,20,1,0
BRDA:291,21,0,0
BRDA:291,21,1,0
BRDA:316,22,0,0
BRDA:316,22,1,0
BRF:45
BRH:0
end_of_record
TN:
SF:services\emailService.js
FN:4,(anonymous_0)
FN:18,(anonymous_1)
FN:111,(anonymous_2)
FNF:3
FNH:0
FNDA:0,(anonymous_0)
FNDA:0,(anonymous_1)
FNDA:0,(anonymous_2)
DA:1,0
DA:7,0
DA:19,0
DA:100,0
DA:101,0
DA:102,0
DA:103,0
DA:105,0
DA:106,0
DA:112,0
DA:113,0
DA:114,0
DA:115,0
DA:117,0
DA:118,0
DA:123,0
LF:16
LH:0
BRDA:8,0,0,0
BRDA:8,0,1,0
BRDA:9,1,0,0
BRDA:9,1,1,0
BRDA:20,2,0,0
BRDA:20,2,1,0
BRF:6
BRH:0
end_of_record
TN:
SF:services\localAIClassifier.js
FN:2,(anonymous_0)
FN:67,(anonymous_1)
FNF:2
FNH:0
FNDA:0,(anonymous_0)
FNDA:0,(anonymous_1)
DA:3,0
DA:68,0
DA:69,0
DA:70,0
DA:73,0
DA:74,0
DA:75,0
DA:78,0
DA:79,0
DA:82,0
DA:83,0
DA:84,0
DA:89,0
DA:91,0
DA:92,0
DA:93,0
DA:100,0
DA:101,0
DA:102,0
DA:105,0
DA:107,0
DA:108,0
DA:113,0
LF:23
LH:0
BRDA:69,0,0,0
BRDA:69,0,1,0
BRDA:83,1,0,0
BRDA:83,1,1,0
BRDA:91,2,0,0
BRDA:91,2,1,0
BRDA:100,3,0,0
BRDA:100,3,1,0
BRDA:100,4,0,0
BRDA:100,4,1,0
BRF:10
BRH:0
end_of_record
TN:
SF:services\scanner.js
FN:7,(anonymous_0)
FN:12,(anonymous_1)
FN:23,(anonymous_2)
FN:49,(anonymous_3)
FN:82,(anonymous_4)
FN:116,(anonymous_5)
FN:135,(anonymous_6)
FN:159,(anonymous_7)
FN:177,(anonymous_8)
FN:178,(anonymous_9)
FNF:10
FNH:0
FNDA:0,(anonymous_0)
FNDA:0,(anonymous_1)
FNDA:0,(anonymous_2)
FNDA:0,(anonymous_3)
FNDA:0,(anonymous_4)
FNDA:0,(anonymous_5)
FNDA:0,(anonymous_6)
FNDA:0,(anonymous_7)
FNDA:0,(anonymous_8)
FNDA:0,(anonymous_9)
DA:1,0
DA:2,0
DA:3,0
DA:4,0
DA:8,0
DA:9,0
DA:13,0
DA:14,0
DA:15,0
DA:16,0
DA:17,0
DA:19,0
DA:20,0
DA:23,0
DA:24,0
DA:25,0
DA:28,0
DA:29,0
DA:30,0
DA:32,0
DA:35,0
DA:36,0
DA:40,0
DA:43,0
DA:44,0
DA:47,0
DA:48,0
DA:49,0
DA:50,0
DA:51,0
DA:54,0
DA:55,0
DA:56,0
DA:57,0
DA:60,0
DA:63,0
DA:64,0
DA:65,0
DA:68,0
DA:69,0
DA:73,0
DA:76,0
DA:77,0
DA:80,0
DA:81,0
DA:82,0
DA:83,0
DA:84,0
DA:87,0
DA:88,0
DA:89,0
DA:90,0
DA:93,0
DA:96,0
DA:97,0
DA:101,0
DA:102,0
DA:105,0
DA:106,0
DA:107,0
DA:108,0
DA:110,0
DA:111,0
DA:112,0
DA:117,0
DA:118,0
DA:119,0
DA:120,0
DA:122,0
DA:124,0
DA:126,0
DA:127,0
DA:128,0
DA:130,0
DA:131,0
DA:136,0
DA:138,0
DA:139,0
DA:140,0
DA:141,0
DA:144,0
DA:147,0
DA:148,0
DA:150,0
DA:151,0
DA:152,0
DA:154,0
DA:155,0
DA:160,0
DA:161,0
DA:162,0
DA:163,0
DA:165,0
DA:166,0
DA:168,0
DA:169,0
DA:170,0
DA:172,0
DA:173,0
DA:178,0
DA:179,0
DA:180,0
DA:181,0
DA:185,0
LF:104
LH:0
BRDA:15,0,0,0
BRDA:15,0,1,0
BRDA:16,1,0,0
BRDA:16,1,1,0
BRDA:17,2,0,0
BRDA:17,2,1,0
BRDA:20,3,0,0
BRDA:20,3,1,0
BRDA:32,4,0,0
BRDA:32,4,1,0
BRDA:48,5,0,0
BRDA:48,5,1,0
BRDA:55,6,0,0
BRDA:55,6,1,0
BRDA:60,7,0,0
BRDA:60,7,1,0
BRDA:81,8,0,0
BRDA:81,8,1,0
BRDA:88,9,0,0
BRDA:88,9,1,0
BRDA:93,10,0,0
BRDA:93,10,1,0
BRDA:105,11,0,0
BRDA:105,11,1,0
BRDA:106,12,0,0
BRDA:106,12,1,0
BRDA:111,13,0,0
BRDA:111,13,1,0
BRDA:118,14,0,0
BRDA:118,14,1,0
BRDA:119,15,0,0
BRDA:119,15,1,0
BRDA:120,16,0,0
BRDA:120,16,1,0
BRDA:161,17,0,0
BRDA:161,17,1,0
BRDA:162,18,0,0
BRDA:162,18,1,0
BRDA:163,19,0,0
BRDA:163,19,1,0
BRF:40
BRH:0
end_of_record
TN:
SF:services\subscriptionChecker.js
FN:2,(anonymous_0)
FN:6,(anonymous_1)
FN:71,(anonymous_2)
FN:106,(anonymous_3)
FN:164,(anonymous_4)
FN:171,(anonymous_5)
FNF:6
FNH:0
FNDA:0,(anonymous_0)
FNDA:0,(anonymous_1)
FNDA:0,(anonymous_2)
FNDA:0,(anonymous_3)
FNDA:0,(anonymous_4)
FNDA:0,(anonymous_5)
DA:3,0
DA:7,0
DA:8,0
DA:10,0
DA:11,0
DA:18,0
DA:19,0
DA:29,0
DA:30,0
DA:38,0
DA:39,0
DA:44,0
DA:53,0
DA:54,0
DA:58,0
DA:65,0
DA:67,0
DA:72,0
DA:75,0
DA:76,0
DA:79,0
DA:80,0
DA:82,0
DA:88,0
DA:89,0
DA:91,0
DA:92,0
DA:100,0
DA:102,0
DA:107,0
DA:110,0
DA:111,0
DA:114,0
DA:115,0
DA:117,0
DA:118,0
DA:122,0
DA:123,0
DA:125,0
DA:128,0
DA:131,0
DA:132,0
DA:134,0
DA:135,0
DA:141,0
DA:145,0
DA:146,0
DA:148,0
DA:149,0
DA:155,0
DA:158,0
DA:160,0
DA:165,0
DA:166,0
DA:168,0
DA:172,0
DA:173,0
DA:177,0
LF:58
LH:0
BRDA:6,0,0,0
BRDA:10,1,0,0
BRDA:10,1,1,0
BRDA:18,2,0,0
BRDA:18,2,1,0
BRDA:29,3,0,0
BRDA:29,3,1,0
BRDA:38,4,0,0
BRDA:38,4,1,0
BRDA:53,5,0,0
BRDA:53,5,1,0
BRDA:65,6,0,0
BRDA:65,6,1,0
BRDA:72,7,0,0
BRDA:72,7,1,0
BRDA:75,8,0,0
BRDA:75,8,1,0
BRDA:91,9,0,0
BRDA:91,9,1,0
BRDA:107,10,0,0
BRDA:107,10,1,0
BRDA:110,11,0,0
BRDA:110,11,1,0
BRDA:117,12,0,0
BRDA:117,12,1,0
BRDA:123,13,0,0
BRDA:123,13,1,0
BRDA:134,14,0,0
BRDA:134,14,1,0
BRDA:145,15,0,0
BRDA:145,15,1,0
BRDA:148,16,0,0
BRDA:148,16,1,0
BRDA:165,17,0,0
BRDA:165,17,1,0
BRDA:165,18,0,0
BRDA:165,18,1,0
BRDA:172,19,0,0
BRDA:172,19,1,0
BRDA:172,20,0,0
BRDA:172,20,1,0
BRF:41
BRH:0
end_of_record
